<?xml version="1.0" encoding="UTF-8"?>
<testng-results ignored="0" total="1" passed="1" failed="0" skipped="0">
  <reporter-output>
  </reporter-output>
  <suite started-at="2020-01-24T15:55:38 IST" name="Default suite" finished-at="2020-01-24T15:59:51 IST" duration-ms="252453">
    <groups>
    </groups>
    <test started-at="2020-01-24T15:55:38 IST" name="Default test" finished-at="2020-01-24T15:59:51 IST" duration-ms="252453">
      <class name="com.guru99bank.TestCases.TC_Login_Page">
        <test-method is-config="true" signature="setup()[pri:0, instance:com.guru99bank.TestCases.TC_Login_Page@d706f19]" started-at="2020-01-24T15:55:38 IST" name="setup" finished-at="2020-01-24T15:55:41 IST" duration-ms="3002" status="PASS">
          <reporter-output>
          </reporter-output>
        </test-method> <!-- setup -->
        <test-method signature="Login_Page()[pri:0, instance:com.guru99bank.TestCases.TC_Login_Page@d706f19]" started-at="2020-01-24T15:55:41 IST" name="Login_Page" finished-at="2020-01-24T15:59:51 IST" duration-ms="249403" status="PASS">
          <reporter-output>
          </reporter-output>
        </test-method> <!-- Login_Page -->
      </class> <!-- com.guru99bank.TestCases.TC_Login_Page -->
    </test> <!-- Default test -->
  </suite> <!-- Default suite -->
</testng-results>
